# JRE version: OpenJDK Runtime Environment (8.0_202-b03) (build 1.8.0_202-release-1483-b03)
# Java VM: OpenJDK 64-Bit Server VM (25.202-b03 mixed mode windows-amd64 compressed oops)
Heap:
 PSYoungGen      total 378368K, used 186955K [0x00000000e0000000, 0x00000000fb300000, 0x0000000100000000)
  eden space 312320K, 52% used [0x00000000e0000000,0x00000000e9f83988,0x00000000f3100000)
  from space 66048K, 35% used [0x00000000f3100000,0x00000000f480f3f8,0x00000000f7180000)
  to   space 61952K, 0% used [0x00000000f7680000,0x00000000f7680000,0x00000000fb300000)
 ParOldGen       total 412672K, used 64864K [0x00000000a0000000, 0x00000000b9300000, 0x00000000e0000000)
  object space 412672K, 15% used [0x00000000a0000000,0x00000000a3f58140,0x00000000b9300000)
 Metaspace       used 107089K, capacity 115292K, committed 115532K, reserved 1150976K
  class space    used 13549K, capacity 14941K, committed 14976K, reserved 1048576K
GC Heap History (10 events):
Event: 1837.395 GC heap before
{Heap before GC invocations=49 (full 4):
 PSYoungGen      total 366080K, used 298719K [0x00000000e0000000, 0x00000000fb600000, 0x0000000100000000)
  eden space 292864K, 99% used [0x00000000e0000000,0x00000000f1cbbf20,0x00000000f1e00000)
  from space 73216K, 9% used [0x00000000f6e80000,0x00000000f757c030,0x00000000fb600000)
  to   space 77824K, 0% used [0x00000000f1e00000,0x00000000f1e00000,0x00000000f6a00000)
 ParOldGen       total 412672K, used 64064K [0x00000000a0000000, 0x00000000b9300000, 0x00000000e0000000)
  object space 412672K, 15% used [0x00000000a0000000,0x00000000a3e90060,0x00000000b9300000)
 Metaspace       used 98856K, capacity 106142K, committed 106316K, reserved 1142784K
  class space    used 12634K, capacity 13863K, committed 13952K, reserved 1048576K
Event: 1837.406 GC heap after
Heap after GC invocations=49 (full 4):
 PSYoungGen      total 370688K, used 16838K [0x00000000e0000000, 0x00000000fbd00000, 0x0000000100000000)
  eden space 292864K, 0% used [0x00000000e0000000,0x00000000e0000000,0x00000000f1e00000)
  from space 77824K, 21% used [0x00000000f1e00000,0x00000000f2e71bc8,0x00000000f6a00000)
  to   space 74240K, 0% used [0x00000000f7480000,0x00000000f7480000,0x00000000fbd00000)
 ParOldGen       total 412672K, used 64176K [0x00000000a0000000, 0x00000000b9300000, 0x00000000e0000000)
  object space 412672K, 15% used [0x00000000a0000000,0x00000000a3eac070,0x00000000b9300000)
 Metaspace       used 98856K, capacity 106142K, committed 106316K, reserved 1142784K
  class space    used 12634K, capacity 13863K, committed 13952K, reserved 1048576K
}
Event: 1942.145 GC heap before
{Heap before GC invocations=50 (full 4):
 PSYoungGen      total 370688K, used 309702K [0x00000000e0000000, 0x00000000fbd00000, 0x0000000100000000)
  eden space 292864K, 100% used [0x00000000e0000000,0x00000000f1e00000,0x00000000f1e00000)
  from space 77824K, 21% used [0x00000000f1e00000,0x00000000f2e71bc8,0x00000000f6a00000)
  to   space 74240K, 0% used [0x00000000f7480000,0x00000000f7480000,0x00000000fbd00000)
 ParOldGen       total 412672K, used 64176K [0x00000000a0000000, 0x00000000b9300000, 0x00000000e0000000)
  object space 412672K, 15% used [0x00000000a0000000,0x00000000a3eac070,0x00000000b9300000)
 Metaspace       used 99167K, capacity 106644K, committed 106828K, reserved 1142784K
  class space    used 12673K, capacity 13952K, committed 13952K, reserved 1048576K
Event: 1942.169 GC heap after
Heap after GC invocations=50 (full 4):
 PSYoungGen      total 371200K, used 31198K [0x00000000e0000000, 0x00000000fb580000, 0x0000000100000000)
  eden space 304640K, 0% used [0x00000000e0000000,0x00000000e0000000,0x00000000f2980000)
  from space 66560K, 46% used [0x00000000f7480000,0x00000000f92f7818,0x00000000fb580000)
  to   space 71680K, 0% used [0x00000000f2980000,0x00000000f2980000,0x00000000f6f80000)
 ParOldGen       total 412672K, used 64344K [0x00000000a0000000, 0x00000000b9300000, 0x00000000e0000000)
  object space 412672K, 15% used [0x00000000a0000000,0x00000000a3ed6080,0x00000000b9300000)
 Metaspace       used 99167K, capacity 106644K, committed 106828K, reserved 1142784K
  class space    used 12673K, capacity 13952K, committed 13952K, reserved 1048576K
}
Event: 3119.859 GC heap before
{Heap before GC invocations=51 (full 4):
 PSYoungGen      total 371200K, used 335838K [0x00000000e0000000, 0x00000000fb580000, 0x0000000100000000)
  eden space 304640K, 100% used [0x00000000e0000000,0x00000000f2980000,0x00000000f2980000)
  from space 66560K, 46% used [0x00000000f7480000,0x00000000f92f7818,0x00000000fb580000)
  to   space 71680K, 0% used [0x00000000f2980000,0x00000000f2980000,0x00000000f6f80000)
 ParOldGen       total 412672K, used 64344K [0x00000000a0000000, 0x00000000b9300000, 0x00000000e0000000)
  object space 412672K, 15% used [0x00000000a0000000,0x00000000a3ed6080,0x00000000b9300000)
 Metaspace       used 99321K, capacity 107038K, committed 107212K, reserved 1142784K
  class space    used 12697K, capacity 14023K, committed 14080K, reserved 1048576K
Event: 3119.871 GC heap after
Heap after GC invocations=51 (full 4):
 PSYoungGen      total 376320K, used 5937K [0x00000000e0000000, 0x00000000fbb80000, 0x0000000100000000)
  eden space 304640K, 0% used [0x00000000e0000000,0x00000000e0000000,0x00000000f2980000)
  from space 71680K, 8% used [0x00000000f2980000,0x00000000f2f4c488,0x00000000f6f80000)
  to   space 70144K, 0% used [0x00000000f7700000,0x00000000f7700000,0x00000000fbb80000)
 ParOldGen       total 412672K, used 64752K [0x00000000a0000000, 0x00000000b9300000, 0x00000000e0000000)
  object space 412672K, 15% used [0x00000000a0000000,0x00000000a3f3c140,0x00000000b9300000)
 Metaspace       used 99321K, capacity 107038K, committed 107212K, reserved 1142784K
  class space    used 12697K, capacity 14023K, committed 14080K, reserved 1048576K
}
Event: 3197.436 GC heap before
{Heap before GC invocations=52 (full 4):
 PSYoungGen      total 376320K, used 310577K [0x00000000e0000000, 0x00000000fbb80000, 0x0000000100000000)
  eden space 304640K, 100% used [0x00000000e0000000,0x00000000f2980000,0x00000000f2980000)
  from space 71680K, 8% used [0x00000000f2980000,0x00000000f2f4c488,0x00000000f6f80000)
  to   space 70144K, 0% used [0x00000000f7700000,0x00000000f7700000,0x00000000fbb80000)
 ParOldGen       total 412672K, used 64752K [0x00000000a0000000, 0x00000000b9300000, 0x00000000e0000000)
  object space 412672K, 15% used [0x00000000a0000000,0x00000000a3f3c140,0x00000000b9300000)
 Metaspace       used 106048K, capacity 114118K, committed 114380K, reserved 1148928K
  class space    used 13486K, capacity 14824K, committed 14848K, reserved 1048576K
Event: 3197.454 GC heap after
Heap after GC invocations=52 (full 4):
 PSYoungGen      total 372736K, used 25274K [0x00000000e0000000, 0x00000000fb200000, 0x0000000100000000)
  eden space 312320K, 0% used [0x00000000e0000000,0x00000000e0000000,0x00000000f3100000)
  from space 60416K, 41% used [0x00000000f7700000,0x00000000f8faeba8,0x00000000fb200000)
  to   space 66048K, 0% used [0x00000000f3100000,0x00000000f3100000,0x00000000f7180000)
 ParOldGen       total 412672K, used 64800K [0x00000000a0000000, 0x00000000b9300000, 0x00000000e0000000)
  object space 412672K, 15% used [0x00000000a0000000,0x00000000a3f48140,0x00000000b9300000)
 Metaspace       used 106048K, capacity 114118K, committed 114380K, reserved 1148928K
  class space    used 13486K, capacity 14824K, committed 14848K, reserved 1048576K
}
Event: 3199.741 GC heap before
{Heap before GC invocations=53 (full 4):
 PSYoungGen      total 372736K, used 337594K [0x00000000e0000000, 0x00000000fb200000, 0x0000000100000000)
  eden space 312320K, 100% used [0x00000000e0000000,0x00000000f3100000,0x00000000f3100000)
  from space 60416K, 41% used [0x00000000f7700000,0x00000000f8faeba8,0x00000000fb200000)
  to   space 66048K, 0% used [0x00000000f3100000,0x00000000f3100000,0x00000000f7180000)
 ParOldGen       total 412672K, used 64800K [0x00000000a0000000, 0x00000000b9300000, 0x00000000e0000000)
  object space 412672K, 15% used [0x00000000a0000000,0x00000000a3f48140,0x00000000b9300000)
 Metaspace       used 106784K, capacity 114878K, committed 115276K, reserved 1148928K
  class space    used 13524K, capacity 14860K, committed 14976K, reserved 1048576K
Event: 3199.758 GC heap after
Heap after GC invocations=53 (full 4):
 PSYoungGen      total 378368K, used 23612K [0x00000000e0000000, 0x00000000fb300000, 0x0000000100000000)
  eden space 312320K, 0% used [0x00000000e0000000,0x00000000e0000000,0x00000000f3100000)
  from space 66048K, 35% used [0x00000000f3100000,0x00000000f480f3f8,0x00000000f7180000)
  to   space 61952K, 0% used [0x00000000f7680000,0x00000000f7680000,0x00000000fb300000)
 ParOldGen       total 412672K, used 64864K [0x00000000a0000000, 0x00000000b9300000, 0x00000000e0000000)
  object space 412672K, 15% used [0x00000000a0000000,0x00000000a3f58140,0x00000000b9300000)
 Metaspace       used 106784K, capacity 114878K, committed 115276K, reserved 1148928K
  class space    used 13524K, capacity 14860K, committed 14976K, reserved 1048576K
}

